<?xml version="1.0" encoding="UTF-8"?>
<!-- Generated by org.testng.reporters.JUnitReportReporter -->
<testsuite hostname="NODTBSD181AG" name="hireSideAutomation.hireSearch" tests="8" failures="0" timestamp="5 Jun 2015 11:43:16 GMT" time="237.760" errors="0">
  <testcase name="quickSearch_keyword" time="28.706" classname="hireSideAutomation.hireSearch"/>
  <testcase name="quickSearchEasyBoolean" time="32.980" classname="hireSideAutomation.hireSearch"/>
  <testcase name="quickSearchExperience" time="28.347" classname="hireSideAutomation.hireSearch"/>
  <testcase name="advanceSearchKeyword" time="31.155" classname="hireSideAutomation.hireSearch"/>
  <testcase name="advanceSearchSallary" time="28.487" classname="hireSideAutomation.hireSearch"/>
  <testcase name="advanceSearchLocation" time="30.470" classname="hireSideAutomation.hireSearch"/>
  <testcase name="advanceSearchFunctionalArea" time="28.019" classname="hireSideAutomation.hireSearch"/>
  <testcase name="quickSearchlocations" time="29.596" classname="hireSideAutomation.hireSearch"/>
</testsuite> <!-- hireSideAutomation.hireSearch -->
