<?xml version="1.0" encoding="UTF-8"?>
<!-- Generated by org.testng.reporters.JUnitReportReporter -->
<testsuite hostname="NODTBSD181AG" name="hireSideAutomation.hireRegistration" tests="1" failures="0" timestamp="5 Jun 2015 11:43:16 GMT" time="43.292" errors="0">
  <testcase name="Registration" time="43.292" classname="hireSideAutomation.hireRegistration"/>
</testsuite> <!-- hireSideAutomation.hireRegistration -->
