<?xml version="1.0" encoding="UTF-8"?>
<!-- Generated by org.testng.reporters.JUnitReportReporter -->
<testsuite hostname="NODTBSD181AG" name="hireSideAutomation.HireUsageReport" tests="11" failures="0" timestamp="5 Jun 2015 11:43:16 GMT" time="300.790" errors="0">
  <testcase name="MassMailingUsageReport" time="31.561" classname="hireSideAutomation.HireUsageReport"/>
  <testcase name="JobListingUsagesReport" time="26.927" classname="hireSideAutomation.HireUsageReport"/>
  <testcase name="DivineIPUsageReport" time="25.368" classname="hireSideAutomation.HireUsageReport"/>
  <testcase name="LoginReport" time="26.818" classname="hireSideAutomation.HireUsageReport"/>
  <testcase name="OTPReport" time="27.255" classname="hireSideAutomation.HireUsageReport"/>
  <testcase name="XpressHireSMSUsageReport" time="27.084" classname="hireSideAutomation.HireUsageReport"/>
  <testcase name="XpressHireSMSUsageReportNEW" time="26.710" classname="hireSideAutomation.HireUsageReport"/>
  <testcase name="XpressHirewithSMSContact" time="27.489" classname="hireSideAutomation.HireUsageReport"/>
  <testcase name="DialBPOJobPostingUsageReport" time="26.694" classname="hireSideAutomation.HireUsageReport"/>
  <testcase name="XpressHirewithSMSInbox" time="28.706" classname="hireSideAutomation.HireUsageReport"/>
  <testcase name="DatabaseUsageReport" time="26.178" classname="hireSideAutomation.HireUsageReport"/>
</testsuite> <!-- hireSideAutomation.HireUsageReport -->
