<?xml version="1.0" encoding="UTF-8"?>
<!-- Generated by org.testng.reporters.JUnitReportReporter -->
<testsuite hostname="NODTBSD180AG" name="hireSideAutomation.hireRegistration" tests="1" failures="0" timestamp="3 Jun 2015 08:07:57 GMT" time="71.121" errors="0">
  <testcase name="Registration" time="71.121" classname="hireSideAutomation.hireRegistration"/>
</testsuite> <!-- hireSideAutomation.hireRegistration -->
