<?xml version="1.0" encoding="UTF-8"?>
<!-- Generated by org.testng.reporters.JUnitReportReporter -->
<testsuite hostname="NODTBSD180AG" name="hireSideAutomation.hireSearch" tests="8" failures="0" timestamp="3 Jun 2015 08:07:57 GMT" time="653.874" errors="0">
  <testcase name="quickSearch_keyword" time="71.730" classname="hireSideAutomation.hireSearch"/>
  <testcase name="advanceSearchSallary" time="41.800" classname="hireSideAutomation.hireSearch"/>
  <testcase name="advanceSearchFunctionalArea" time="41.217" classname="hireSideAutomation.hireSearch"/>
  <testcase name="quickSearchlocations" time="68.162" classname="hireSideAutomation.hireSearch"/>
  <testcase name="advanceSearchLocation" time="210.586" classname="hireSideAutomation.hireSearch"/>
  <testcase name="quickSearchEasyBoolean" time="44.723" classname="hireSideAutomation.hireSearch"/>
  <testcase name="quickSearchExperience" time="90.737" classname="hireSideAutomation.hireSearch"/>
  <testcase name="advanceSearchKeyword" time="84.919" classname="hireSideAutomation.hireSearch"/>
</testsuite> <!-- hireSideAutomation.hireSearch -->
