<?xml version="1.0" encoding="UTF-8"?>
<!-- Generated by org.testng.reporters.JUnitReportReporter -->
<testsuite hostname="NODTBSD180AG" name="hireSideAutomation.HireUsageReport" tests="11" failures="0" timestamp="3 Jun 2015 08:07:57 GMT" time="1120.531" errors="0">
  <testcase name="XpressHireSMSUsageReport" time="17.171" classname="hireSideAutomation.HireUsageReport"/>
  <testcase name="XpressHireSMSUsageReportNEW" time="17.908" classname="hireSideAutomation.HireUsageReport"/>
  <testcase name="DatabaseUsageReport" time="17.579" classname="hireSideAutomation.HireUsageReport"/>
  <testcase name="XpressHirewithSMSContact" time="18.961" classname="hireSideAutomation.HireUsageReport"/>
  <testcase name="XpressHirewithSMSInbox" time="20.185" classname="hireSideAutomation.HireUsageReport"/>
  <testcase name="MassMailingUsageReport" time="936.308" classname="hireSideAutomation.HireUsageReport"/>
  <testcase name="DialBPOJobPostingUsageReport" time="17.224" classname="hireSideAutomation.HireUsageReport"/>
  <testcase name="DivineIPUsageReport" time="17.019" classname="hireSideAutomation.HireUsageReport"/>
  <testcase name="LoginReport" time="20.477" classname="hireSideAutomation.HireUsageReport"/>
  <testcase name="OTPReport" time="18.255" classname="hireSideAutomation.HireUsageReport"/>
  <testcase name="JobListingUsagesReport" time="19.444" classname="hireSideAutomation.HireUsageReport"/>
</testsuite> <!-- hireSideAutomation.HireUsageReport -->
