<?xml version="1.0" encoding="UTF-8"?>
<!-- Generated by org.testng.reporters.JUnitReportReporter -->
<testsuite hostname="NODTBSD180AG" name="hireSideAutomation.searchApplication" tests="2" failures="0" timestamp="3 Jun 2015 09:09:38 GMT" time="165.021" errors="0">
  <testcase name="searchApplicationwithActivejob" time="49.814" classname="hireSideAutomation.searchApplication"/>
  <testcase name="searchApplicationwithkeyskill" time="115.207" classname="hireSideAutomation.searchApplication"/>
</testsuite> <!-- hireSideAutomation.searchApplication -->
