<?xml version="1.0" encoding="UTF-8"?>
<!-- Generated by org.testng.reporters.JUnitReportReporter -->
<testsuite hostname="NODTBSD180AG" name="hireSideAutomation.hireCollaborate" tests="4" failures="0" timestamp="3 Jun 2015 08:07:57 GMT" time="155.748" errors="0">
  <testcase name="shareFolder" time="44.057" classname="hireSideAutomation.hireCollaborate"/>
  <testcase name="unshareFolder" time="32.857" classname="hireSideAutomation.hireCollaborate"/>
  <testcase name="unshareinbox" time="37.913" classname="hireSideAutomation.hireCollaborate"/>
  <testcase name="shareinbox" time="40.921" classname="hireSideAutomation.hireCollaborate"/>
</testsuite> <!-- hireSideAutomation.hireCollaborate -->
