<?xml version="1.0" encoding="UTF-8"?>
<!-- Generated by org.testng.reporters.JUnitReportReporter -->
<testsuite hostname="NODTBSD180AG" name="hireSideAutomation.login" tests="1" failures="0" timestamp="5 Jun 2015 07:17:50 GMT" time="39.762" errors="0">
  <testcase name="SendJobasEmail" time="39.762" classname="hireSideAutomation.login"/>
</testsuite> <!-- hireSideAutomation.login -->
