<?xml version="1.0" encoding="UTF-8"?>
<!-- Generated by org.testng.reporters.JUnitReportReporter -->
<testsuite hostname="TBSL221-P07F" name="candidateSideAutomation.ApplyJobWithoutloggedinScenario" tests="1" failures="0" timestamp="3 Jul 2014 09:55:13 GMT" time="14.125" errors="0">
  <testcase name="jobApply" time="14.125" classname="candidateSideAutomation.ApplyJobWithoutloggedinScenario"/>
</testsuite> <!-- candidateSideAutomation.ApplyJobWithoutloggedinScenario -->
