<?xml version="1.0" encoding="UTF-8"?>
<!-- Generated by org.testng.reporters.JUnitReportReporter -->
<testsuite hostname="NODTBSD180AG" name="hireSideAutomation.ManageAccountUser" tests="3" failures="0" timestamp="3 Jun 2015 08:07:57 GMT" time="224.253" errors="0">
  <testcase name="EditUser" time="71.359" classname="hireSideAutomation.ManageAccountUser"/>
  <testcase name="EditProfile" time="61.422" classname="hireSideAutomation.ManageAccountUser"/>
  <testcase name="CreateUser" time="91.472" classname="hireSideAutomation.ManageAccountUser"/>
</testsuite> <!-- hireSideAutomation.ManageAccountUser -->
